Build started 9/26/2018 10:17:10 PM.
     1>Project "C:\Users\Phuong-T1600\Documents\GitHub\Peter\VS\cudatest\cudatest.vcxproj" on node 2 (Build target(s)).
     1>C:\Program Files (x86)\MSBuild\Microsoft.Cpp\v4.0\V120\Microsoft.CppBuild.targets(381,5): warning MSB8028: The intermediate directory (x64\Debug\) contains files shared from another project (cudaCv.vcxproj, cudatest.vcxproj).  This can lead to incorrect clean and rebuild behavior.
     1>Project "C:\Users\Phuong-T1600\Documents\GitHub\Peter\VS\cudatest\cudatest.vcxproj" (1) is building "C:\Users\Phuong-T1600\Documents\GitHub\Peter\VS\cudatest\cudatest.vcxproj" (1:2) on node 2 (CudaBuildCore target(s)).
     1>CudaBuildCore:
         Compiling CUDA source file kernelNocuda.cu...
         cmd.exe /C "C:\Users\Phuong-T1600\AppData\Local\Temp\tmpebdbaf249fbd41b18e08ff82abeeb29b.cmd"
         "C:\Program Files\NVIDIA GPU Computing Toolkit\CUDA\v9.0\bin\nvcc.exe" -gencode=arch=compute_30,code=\"sm_30,compute_30\" --use-local-env --cl-version 2013 -ccbin "C:\Program Files (x86)\Microsoft Visual Studio 12.0\VC\bin\x86_amd64" -x cu  -I"C:\ProgramData\NVIDIA Corporation\CUDA Samples\v9.0\common\inc" -I"C:\Users\DELL-1600T\Google Drive\WORKS\OPENCV_CUDA_DSP\MSVS\cudatest\WpdPack\Include" -I"C:\Program Files\NVIDIA GPU Computing Toolkit\CUDA\v9.0\include" -I"C:\Program Files\NVIDIA GPU Computing Toolkit\CUDA\v9.0\include"  -G   --keep-dir x64\Debug -maxrregcount=0  --machine 64 --compile -cudart static  -g   -DWIN32 -DWIN64 -D_DEBUG -D_CONSOLE -D_MBCS -Xcompiler "/EHsc /W3 /nologo /Od /FS /Zi /RTC1 /MDd " -o x64\Debug\kernelNocuda.cu.obj "C:\Users\Phuong-T1600\Documents\GitHub\Peter\VS\cudatest\kernelNocuda.cu"
         
         C:\Users\Phuong-T1600\Documents\GitHub\Peter\VS\cudatest>"C:\Program Files\NVIDIA GPU Computing Toolkit\CUDA\v9.0\bin\nvcc.exe" -gencode=arch=compute_30,code=\"sm_30,compute_30\" --use-local-env --cl-version 2013 -ccbin "C:\Program Files (x86)\Microsoft Visual Studio 12.0\VC\bin\x86_amd64" -x cu  -I"C:\ProgramData\NVIDIA Corporation\CUDA Samples\v9.0\common\inc" -I"C:\Users\DELL-1600T\Google Drive\WORKS\OPENCV_CUDA_DSP\MSVS\cudatest\WpdPack\Include" -I"C:\Program Files\NVIDIA GPU Computing Toolkit\CUDA\v9.0\include" -I"C:\Program Files\NVIDIA GPU Computing Toolkit\CUDA\v9.0\include"  -G   --keep-dir x64\Debug -maxrregcount=0  --machine 64 --compile -cudart static  -g   -DWIN32 -DWIN64 -D_DEBUG -D_CONSOLE -D_MBCS -Xcompiler "/EHsc /W3 /nologo /Od /FS /Zi /RTC1 /MDd " -o x64\Debug\kernelNocuda.cu.obj "C:\Users\Phuong-T1600\Documents\GitHub\Peter\VS\cudatest\kernelNocuda.cu" 
     1>C:/Users/Phuong-T1600/Documents/GitHub/Peter/VS/cudatest/kernelNocuda.cu(11): fatal error C1083: Cannot open include file: 'pcap.h': No such file or directory
         kernelNocuda.cu
     1>C:\Program Files (x86)\MSBuild\Microsoft.Cpp\v4.0\V120\BuildCustomizations\CUDA 9.0.targets(707,9): error MSB3721: The command ""C:\Program Files\NVIDIA GPU Computing Toolkit\CUDA\v9.0\bin\nvcc.exe" -gencode=arch=compute_30,code=\"sm_30,compute_30\" --use-local-env --cl-version 2013 -ccbin "C:\Program Files (x86)\Microsoft Visual Studio 12.0\VC\bin\x86_amd64" -x cu  -I"C:\ProgramData\NVIDIA Corporation\CUDA Samples\v9.0\common\inc" -I"C:\Users\DELL-1600T\Google Drive\WORKS\OPENCV_CUDA_DSP\MSVS\cudatest\WpdPack\Include" -I"C:\Program Files\NVIDIA GPU Computing Toolkit\CUDA\v9.0\include" -I"C:\Program Files\NVIDIA GPU Computing Toolkit\CUDA\v9.0\include"  -G   --keep-dir x64\Debug -maxrregcount=0  --machine 64 --compile -cudart static  -g   -DWIN32 -DWIN64 -D_DEBUG -D_CONSOLE -D_MBCS -Xcompiler "/EHsc /W3 /nologo /Od /FS /Zi /RTC1 /MDd " -o x64\Debug\kernelNocuda.cu.obj "C:\Users\Phuong-T1600\Documents\GitHub\Peter\VS\cudatest\kernelNocuda.cu"" exited with code 2.
     1>Done Building Project "C:\Users\Phuong-T1600\Documents\GitHub\Peter\VS\cudatest\cudatest.vcxproj" (CudaBuildCore target(s)) -- FAILED.
     1>Done Building Project "C:\Users\Phuong-T1600\Documents\GitHub\Peter\VS\cudatest\cudatest.vcxproj" (Build target(s)) -- FAILED.

Build FAILED.

Time Elapsed 00:00:00.45
